Arguments: 
  /home/robson/.nvm/versions/node/v12.14.1/bin/node /home/robson/.nvm/versions/node/v12.14.1/bin/yarn add typescript @type/node

PATH: 
  /home/robson/.nvm/versions/node/v12.14.1/bin:/usr/local/sbin:/usr/local/bin:/usr/sbin:/usr/bin:/sbin:/bin:/usr/games:/usr/local/games:/snap/bin:/home/robson/.dotnet/tools

Yarn version: 
  1.21.1

Node version: 
  12.14.1

Platform: 
  linux x64

Trace: 
  Error: https://registry.yarnpkg.com/@type%2fnode: Not found
      at Request.params.callback [as _callback] (/home/robson/.nvm/versions/node/v12.14.1/lib/node_modules/yarn/lib/cli.js:66947:18)
      at Request.self.callback (/home/robson/.nvm/versions/node/v12.14.1/lib/node_modules/yarn/lib/cli.js:140665:22)
      at Request.emit (events.js:223:5)
      at Request.<anonymous> (/home/robson/.nvm/versions/node/v12.14.1/lib/node_modules/yarn/lib/cli.js:141637:10)
      at Request.emit (events.js:223:5)
      at IncomingMessage.<anonymous> (/home/robson/.nvm/versions/node/v12.14.1/lib/node_modules/yarn/lib/cli.js:141559:12)
      at Object.onceWrapper (events.js:312:28)
      at IncomingMessage.emit (events.js:228:7)
      at endReadableNT (_stream_readable.js:1185:12)
      at processTicksAndRejections (internal/process/task_queues.js:81:21)

npm manifest: 
  {
    "name": "mvp",
    "version": "1.0.0",
    "main": "index.js",
    "license": "MIT"
  }

yarn manifest: 
  No manifest

Lockfile: 
  No lockfile
